{"level":"info","message":"Server Started Successully 3000","timestamp":"2021-05-02T15:01:49.755Z"}
{"message":"Successfully connected to database....!!!!","level":"info","timestamp":"2021-05-02T15:01:49.867Z"}
{"level":"info","message":"Server Started Successully 3000","timestamp":"2021-05-02T15:03:38.876Z"}
{"message":"Successfully connected to database....!!!!","level":"info","timestamp":"2021-05-02T15:03:38.917Z"}
{"level":"info","message":"Server Started Successully 3000","timestamp":"2021-05-02T15:05:52.454Z"}
{"message":"Successfully connected to database....!!!!","level":"info","timestamp":"2021-05-02T15:05:52.495Z"}
{"level":"info","message":"Server Started Successully 3000","timestamp":"2021-05-02T15:06:36.397Z"}
{"message":"Successfully connected to database....!!!!","level":"info","timestamp":"2021-05-02T15:06:36.437Z"}
{"level":"info","message":"Server Started Successully 3000","timestamp":"2021-05-02T15:11:50.613Z"}
{"message":"Successfully connected to database....!!!!","level":"info","timestamp":"2021-05-02T15:11:50.656Z"}
{"level":"info","message":"Server Started Successully 3000","timestamp":"2021-05-02T15:11:58.861Z"}
{"message":"Successfully connected to database....!!!!","level":"info","timestamp":"2021-05-02T15:11:58.901Z"}
{"level":"info","message":"Server Started Successully 3000","timestamp":"2021-05-02T15:12:20.901Z"}
{"message":"Successfully connected to database....!!!!","level":"info","timestamp":"2021-05-02T15:12:20.949Z"}
{"level":"info","message":"Server Started Successully 3000","timestamp":"2021-05-02T15:14:26.251Z"}
{"level":"info","message":"Server Started Successully 3000","timestamp":"2021-05-02T15:15:42.636Z"}
{"level":"info","message":"Server Started Successully 3000","timestamp":"2021-05-02T15:50:57.067Z"}
{"level":"info","message":"Server Started Successully 3000","timestamp":"2021-05-02T18:04:28.545Z"}
{"level":"info","message":"Server Started Successully 3000","timestamp":"2021-05-02T18:41:29.401Z"}
{"level":"info","message":"Server Started Successully 3000","timestamp":"2021-05-02T18:43:22.198Z"}
{"level":"info","message":"Server Started Successully 3000","timestamp":"2021-05-03T05:36:13.400Z"}
{"level":"info","message":"Server Started Successully 3000","timestamp":"2021-05-03T05:40:17.870Z"}
{"level":"info","message":"Server Started Successully 3000","timestamp":"2021-05-03T05:41:29.075Z"}
{"level":"info","message":"Server Started Successully 3000","timestamp":"2021-05-03T05:43:54.091Z"}
{"level":"info","message":"Server Started Successully 3000","timestamp":"2021-05-03T05:45:51.169Z"}
{"level":"info","message":"Server Started Successully 3000","timestamp":"2021-05-03T05:46:27.122Z"}
{"level":"info","message":"Server Started Successully 3000","timestamp":"2021-05-03T05:47:58.568Z"}
{"level":"info","message":"Server Started Successully 3000","timestamp":"2021-05-03T14:29:47.995Z"}
{"level":"info","message":"Server Started Successully 3000","timestamp":"2021-05-03T14:49:41.903Z"}
{"level":"info","message":"Server Started Successully 3000","timestamp":"2021-05-03T14:52:46.010Z"}
{"level":"info","message":"Server Started Successully 3000","timestamp":"2021-05-03T14:55:34.420Z"}
{"level":"info","message":"Server Started Successully 3000","timestamp":"2021-05-03T14:56:07.989Z"}
{"level":"info","message":"Server Started Successully 3000","timestamp":"2021-05-03T14:59:37.073Z"}
{"level":"info","message":"Server Started Successully 3000","timestamp":"2021-05-03T15:11:02.782Z"}
{"level":"info","message":"Server Started Successully 3000","timestamp":"2021-05-03T18:22:40.554Z"}
{"level":"info","message":"Server Started Successully 3000","timestamp":"2021-05-03T18:22:50.723Z"}
{"level":"info","message":"Server Started Successully 3000","timestamp":"2021-05-03T18:24:53.708Z"}
{"level":"info","message":"Server Started Successully 3000","timestamp":"2021-05-03T18:29:37.699Z"}
{"level":"info","message":"Server Started Successully 3000","timestamp":"2021-05-03T18:37:47.314Z"}
{"level":"info","message":"Server Started Successully 3000","timestamp":"2021-05-03T18:42:13.291Z"}
{"level":"info","message":"Server Started Successully 3000","timestamp":"2021-05-03T19:24:12.846Z"}
{"level":"info","message":"Server Started Successully 3000","timestamp":"2021-05-03T19:26:28.059Z"}
{"level":"info","message":"Server Started Successully 3000","timestamp":"2021-05-03T19:28:47.177Z"}
{"level":"info","message":"Server Started Successully 3000","timestamp":"2021-05-03T19:33:11.826Z"}
{"level":"info","message":"Server Started Successully 3000","timestamp":"2021-05-03T19:35:01.657Z"}
{"level":"info","message":"Server Started Successully 3000","timestamp":"2021-05-03T19:38:09.619Z"}
{"level":"info","message":"Server Started Successully 3000","timestamp":"2021-05-04T02:09:32.645Z"}
{"level":"info","message":"Server Started Successully 3000","timestamp":"2021-05-04T02:31:23.257Z"}
{"level":"info","message":"Server Started Successully 3000","timestamp":"2021-05-04T02:33:37.337Z"}
{"level":"info","message":"Server Started Successully 3000","timestamp":"2021-05-04T02:33:46.146Z"}
{"level":"info","message":"Server Started Successully 3000","timestamp":"2021-05-04T02:35:29.260Z"}
{"level":"info","message":"Server Started Successully 3000","timestamp":"2021-05-04T02:40:24.962Z"}
{"level":"info","message":"Server Started Successully 3000","timestamp":"2021-05-04T02:40:48.226Z"}
{"level":"info","message":"Server Started Successully 3000","timestamp":"2021-05-04T02:42:10.049Z"}
{"level":"info","message":"Server Started Successully 3000","timestamp":"2021-05-04T02:43:19.763Z"}
{"level":"info","message":"Server Started Successully 3000","timestamp":"2021-05-04T15:38:50.345Z"}
{"level":"info","message":"Server Started Successully 3000","timestamp":"2021-05-04T15:41:04.911Z"}
{"level":"info","message":"Server Started Successully 3000","timestamp":"2021-05-04T15:41:13.927Z"}
{"level":"info","message":"Server Started Successully 3000","timestamp":"2021-05-04T15:42:56.464Z"}
{"level":"info","message":"Server Started Successully 3000","timestamp":"2021-05-04T15:43:05.164Z"}
{"level":"info","message":"Server Started Successully 3000","timestamp":"2021-05-04T15:43:49.664Z"}
{"level":"info","message":"Server Started Successully 3000","timestamp":"2021-05-04T15:44:09.158Z"}
{"level":"info","message":"Server Started Successully 3000","timestamp":"2021-05-04T16:35:11.439Z"}
{"level":"info","message":"Server Started Successully 3000","timestamp":"2021-05-04T16:42:32.691Z"}
{"level":"info","message":"Server Started Successully 3000","timestamp":"2021-05-04T16:44:54.312Z"}
{"level":"info","message":"Server Started Successully 3000","timestamp":"2021-05-04T18:32:12.108Z"}
{"level":"info","message":"Server Started Successully 3000","timestamp":"2021-05-04T19:14:36.708Z"}
{"level":"info","message":"Server Started Successully 3000","timestamp":"2021-05-04T19:18:22.941Z"}
{"level":"info","message":"Server Started Successully 3000","timestamp":"2021-05-04T19:22:36.434Z"}
{"level":"info","message":"Server Started Successully 3000","timestamp":"2021-05-04T19:26:29.388Z"}
{"level":"info","message":"Server Started Successully 3000","timestamp":"2021-05-04T19:29:54.563Z"}
{"level":"info","message":"Server Started Successully 3000","timestamp":"2021-05-04T19:37:00.348Z"}
{"level":"info","message":"Server Started Successully 3000","timestamp":"2021-05-05T04:38:02.514Z"}
{"level":"info","message":"Server Started Successully 3000","timestamp":"2021-05-05T05:02:38.244Z"}
{"code":"EAUTH","response":"535-5.7.8 Username and Password not accepted. Learn more at\n535 5.7.8  https://support.google.com/mail/?p=BadCredentials e5sm5531341pgj.91 - gsmtp","responseCode":535,"command":"AUTH PLAIN","level":"error","timestamp":"2021-05-05T05:07:45.891Z"}
{"level":"info","message":"Server Started Successully 3000","timestamp":"2021-05-05T05:11:37.679Z"}
{"code":"EAUTH","response":"535-5.7.8 Username and Password not accepted. Learn more at\n535 5.7.8  https://support.google.com/mail/?p=BadCredentials m188sm13572159pfm.167 - gsmtp","responseCode":535,"command":"AUTH PLAIN","level":"error","timestamp":"2021-05-05T05:11:44.779Z"}
{"code":"EAUTH","response":"535-5.7.8 Username and Password not accepted. Learn more at\n535 5.7.8  https://support.google.com/mail/?p=BadCredentials a13sm5430420pgm.43 - gsmtp","responseCode":535,"command":"AUTH PLAIN","level":"error","timestamp":"2021-05-05T05:19:22.398Z"}
{"level":"info","message":"Server Started Successully 3000","timestamp":"2021-05-05T10:54:25.110Z"}
{"code":"EAUTH","response":"535-5.7.8 Username and Password not accepted. Learn more at\n535 5.7.8  https://support.google.com/mail/?p=BadCredentials n11sm15311959pfu.121 - gsmtp","responseCode":535,"command":"AUTH PLAIN","level":"error","timestamp":"2021-05-05T10:55:10.430Z"}
{"level":"info","message":"Server Started Successully 3000","timestamp":"2021-05-05T11:08:16.126Z"}
{"accepted":["pranilkakade111@gmail.com"],"rejected":[],"envelopeTime":945,"messageTime":786,"messageSize":474,"response":"250 2.0.0 OK  1620212910 c4sm15040786pfn.48 - gsmtp","envelope":{"from":"pranilkakade2@gmail.com","to":["pranilkakade111@gmail.com"]},"messageId":"<c4792dca-3446-8da1-4166-33d69e3d47a1@gmail.com>","level":"info","timestamp":"2021-05-05T11:08:28.084Z"}
{"accepted":["pranilkakade111@gmail.com"],"rejected":[],"envelopeTime":912,"messageTime":786,"messageSize":474,"response":"250 2.0.0 OK  1620212912 cm22sm17448336pjb.32 - gsmtp","envelope":{"from":"pranilkakade2@gmail.com","to":["pranilkakade111@gmail.com"]},"messageId":"<f83c9e91-8a92-f632-d923-a2b6f45c7289@gmail.com>","level":"info","timestamp":"2021-05-05T11:08:30.171Z"}
{"accepted":["pranilkakade111@gmail.com"],"rejected":[],"envelopeTime":1026,"messageTime":854,"messageSize":474,"response":"250 2.0.0 OK  1620219790 a128sm15449126pfd.115 - gsmtp","envelope":{"from":"pranilkakade2@gmail.com","to":["pranilkakade111@gmail.com"]},"messageId":"<0267b31f-3907-b80f-dfa9-283ff76863e7@gmail.com>","level":"info","timestamp":"2021-05-05T13:03:07.927Z"}
